<?xml version="1.0" encoding="UTF-8"?>
<testng-results skipped="0" failed="0" ignored="0" total="1" passed="1">
  <reporter-output>
  </reporter-output>
  <suite name="Default suite" duration-ms="1760" started-at="2018-01-02T16:54:02Z" finished-at="2018-01-02T16:54:04Z">
    <groups>
    </groups>
    <test name="Default test" duration-ms="1760" started-at="2018-01-02T16:54:02Z" finished-at="2018-01-02T16:54:04Z">
      <class name="com.webapi.citylinks.GetCityLinks">
        <test-method status="PASS" signature="GetAllCityLinksByMetroName()[pri:0, instance:com.webapi.citylinks.GetCityLinks@6d00a15d]" name="GetAllCityLinksByMetroName" duration-ms="1744" started-at="2018-01-02T11:54:02Z" finished-at="2018-01-02T11:54:04Z">
          <reporter-output>
          </reporter-output>
        </test-method> <!-- GetAllCityLinksByMetroName -->
      </class> <!-- com.webapi.citylinks.GetCityLinks -->
    </test> <!-- Default test -->
  </suite> <!-- Default suite -->
</testng-results>
